[+] Containers:
 |- [+] Container: /Game/ThirdPerson/Maps/ThirdPersonMap
 |   |- [+] ActorDescs:
 |   |   |- Guid:0496EE5F42B6BB7F1D931BBDEA752367 BaseClass:/Game/Blueprints/BP_DamageBall.BP_DamageBall_C NativeClass:/Script/Engine.Actor Name:BP_DamageBall_C_UAID_708BCDAA49FA667502_1715809011 Label:BP_DamageBall9 SpatiallyLoaded:true EditorBounds:IsValid=true, Min=(X=1277.200 Y=1977.200 Z=66.122), Max=(X=1382.800 Y=2082.800 Z=171.722) RuntimeBounds:IsValid=true, Min=(X=1277.200 Y=1977.200 Z=66.122), Max=(X=1382.800 Y=2082.800 Z=171.722) RuntimeGrid:None EditorOnly:false RuntimeOnly:false HLODRelevant:false ListedInSceneOutliner:true IsMainWorldOnly:false
 |   |   |- Guid:09D03FAB4F022B6C5F4A0ABE0267F86D BaseClass:/Game/Blueprints/BP_DamageBall.BP_DamageBall_C NativeClass:/Script/Engine.Actor Name:BP_DamageBall_C_UAID_708BCDAA49FA667502_1714175010 Label:BP_DamageBall8 SpatiallyLoaded:true EditorBounds:IsValid=true, Min=(X=767.200 Y=1977.200 Z=66.122), Max=(X=872.800 Y=2082.800 Z=171.722) RuntimeBounds:IsValid=true, Min=(X=767.200 Y=1977.200 Z=66.122), Max=(X=872.800 Y=2082.800 Z=171.722) RuntimeGrid:None EditorOnly:false RuntimeOnly:false HLODRelevant:false ListedInSceneOutliner:true IsMainWorldOnly:false
 |   |   |- Guid:0F809FDB451D051537C911B82C3DAAB9 BaseClass:/Game/Blueprints/BP_DamageBall.BP_DamageBall_C NativeClass:/Script/Engine.Actor Name:BP_DamageBall_C_UAID_708BCDAA49FA667502_1724813016 Label:BP_DamageBall14 SpatiallyLoaded:true EditorBounds:IsValid=true, Min=(X=1007.200 Y=-1472.800 Z=66.122), Max=(X=1112.800 Y=-1367.200 Z=171.722) RuntimeBounds:IsValid=true, Min=(X=1007.200 Y=-1472.800 Z=66.122), Max=(X=1112.800 Y=-1367.200 Z=171.722) RuntimeGrid:None EditorOnly:false RuntimeOnly:false HLODRelevant:false ListedInSceneOutliner:true IsMainWorldOnly:false
 |   |   |- Guid:24801D7F471DCE06A65AEF8F70C1E535 BaseClass:/Game/Blueprints/BP_DamageBall.BP_DamageBall_C NativeClass:/Script/Engine.Actor Name:BP_DamageBall_C_UAID_708BCDAA49FA667502_1722067014 Label:BP_DamageBall12 SpatiallyLoaded:true EditorBounds:IsValid=true, Min=(X=777.200 Y=-232.800 Z=66.122), Max=(X=882.800 Y=-127.200 Z=171.722) RuntimeBounds:IsValid=true, Min=(X=777.200 Y=-232.800 Z=66.122), Max=(X=882.800 Y=-127.200 Z=171.722) RuntimeGrid:None EditorOnly:false RuntimeOnly:false HLODRelevant:false ListedInSceneOutliner:true IsMainWorldOnly:false
 |   |   |- Guid:2FB58999456391D349DC0F86DAC136ED NativeClass:/Script/Engine.SkyLight Name:SkyLight_1 Label:SkyLight SpatiallyLoaded:false EditorBounds:IsValid=true, Min=(X=0.000 Y=0.000 Z=690.000), Max=(X=0.000 Y=0.000 Z=690.000) RuntimeBounds:IsValid=true, Min=(X=0.000 Y=0.000 Z=690.000), Max=(X=0.000 Y=0.000 Z=690.000) RuntimeGrid:None EditorOnly:false RuntimeOnly:false HLODRelevant:false ListedInSceneOutliner:true IsMainWorldOnly:false FolderPath:Lighting FolderGuid:963EC3EB4002CCE9759E2EBA541A873A
 |   |   |- Guid:3099CA4D4888B05EC4EA3097EA187EEF BaseClass:/Game/Blueprints/BP_DamageBall.BP_DamageBall_C NativeClass:/Script/Engine.Actor Name:BP_DamageBall_C_UAID_708BCDAA49FA667502_1712897009 Label:BP_DamageBall7 SpatiallyLoaded:true EditorBounds:IsValid=true, Min=(X=767.200 Y=1407.200 Z=66.122), Max=(X=872.800 Y=1512.800 Z=171.722) RuntimeBounds:IsValid=true, Min=(X=767.200 Y=1407.200 Z=66.122), Max=(X=872.800 Y=1512.800 Z=171.722) RuntimeGrid:None EditorOnly:false RuntimeOnly:false HLODRelevant:false ListedInSceneOutliner:true IsMainWorldOnly:false
 |   |   |- Guid:316CF2A6494ACA4C0E4180A87D36AB8F NativeClass:/Script/Engine.ExponentialHeightFog Name:ExponentialHeightFog_0 Label:ExponentialHeightFog SpatiallyLoaded:false EditorBounds:IsValid=true, Min=(X=-5600.000 Y=-50.000 Z=-6850.000), Max=(X=-5600.000 Y=-50.000 Z=-6850.000) RuntimeBounds:IsValid=true, Min=(X=-5600.000 Y=-50.000 Z=-6850.000), Max=(X=-5600.000 Y=-50.000 Z=-6850.000) RuntimeGrid:None EditorOnly:false RuntimeOnly:false HLODRelevant:false ListedInSceneOutliner:true IsMainWorldOnly:false FolderPath:Lighting FolderGuid:963EC3EB4002CCE9759E2EBA541A873A
 |   |   |- Guid:31A17D8142875F4DA4FD39A665ADFE78 BaseClass:/Game/Blueprints/BP_DamageBall.BP_DamageBall_C NativeClass:/Script/Engine.Actor Name:BP_DamageBall_C_UAID_708BCDAA49FA667502_1701216006 Label:BP_DamageBall4 SpatiallyLoaded:true EditorBounds:IsValid=true, Min=(X=137.200 Y=837.200 Z=66.122), Max=(X=242.800 Y=942.800 Z=171.722) RuntimeBounds:IsValid=true, Min=(X=137.200 Y=837.200 Z=66.122), Max=(X=242.800 Y=942.800 Z=171.722) RuntimeGrid:None EditorOnly:false RuntimeOnly:false HLODRelevant:false ListedInSceneOutliner:true IsMainWorldOnly:false
 |   |   |- Guid:3A00AA1C422CE54C0BDB60BAF471BFBB NativeClass:/Script/Engine.PlayerStart Name:PlayerStart_0 Label:PlayerStart SpatiallyLoaded:false EditorBounds:IsValid=true, Min=(X=1082.000 Y=262.000 Z=-10.937), Max=(X=1450.000 Y=518.000 Z=245.063) RuntimeBounds:IsValid=true, Min=(X=1170.000 Y=350.000 Z=25.063), Max=(X=1250.000 Y=430.000 Z=209.063) RuntimeGrid:None EditorOnly:false RuntimeOnly:false HLODRelevant:false ListedInSceneOutliner:true IsMainWorldOnly:false
 |   |   |- Guid:475B94164B568FD5C935039E5ACB215D BaseClass:/Game/Blueprints/BP_DamageBall.BP_DamageBall_C NativeClass:/Script/Engine.Actor Name:BP_DamageBall_C_UAID_708BCDAA49FA667502_1695161005 Label:BP_DamageBall3 SpatiallyLoaded:true EditorBounds:IsValid=true, Min=(X=2307.200 Y=1247.200 Z=66.122), Max=(X=2412.800 Y=1352.800 Z=171.722) RuntimeBounds:IsValid=true, Min=(X=2307.200 Y=1247.200 Z=66.122), Max=(X=2412.800 Y=1352.800 Z=171.722) RuntimeGrid:None EditorOnly:false RuntimeOnly:false HLODRelevant:false ListedInSceneOutliner:true IsMainWorldOnly:false
 |   |   |- Guid:4D3BE93F4146AAAC8BBE79999D96D57F NativeClass:/Script/Engine.VolumetricCloud Name:VolumetricCloud_0 Label:VolumetricCloud SpatiallyLoaded:false EditorBounds:IsValid=true, Min=(X=0.000 Y=0.000 Z=820.000), Max=(X=0.000 Y=0.000 Z=820.000) RuntimeBounds:IsValid=true, Min=(X=0.000 Y=0.000 Z=820.000), Max=(X=0.000 Y=0.000 Z=820.000) RuntimeGrid:None EditorOnly:false RuntimeOnly:false HLODRelevant:false ListedInSceneOutliner:true IsMainWorldOnly:false FolderPath:Lighting FolderGuid:963EC3EB4002CCE9759E2EBA541A873A
 |   |   |- Guid:6BAF4DDD444C60371492D3919DB42C97 NativeClass:/Script/Engine.WorldDataLayers Name:WorldDataLayers Label:WorldDataLayers SpatiallyLoaded:false EditorBounds:IsValid=true, Min=(X=0.000 Y=0.000 Z=0.000), Max=(X=0.000 Y=0.000 Z=0.000) RuntimeBounds:IsValid=true, Min=(X=0.000 Y=0.000 Z=0.000), Max=(X=0.000 Y=0.000 Z=0.000) RuntimeGrid:None EditorOnly:false RuntimeOnly:false HLODRelevant:false ListedInSceneOutliner:true IsMainWorldOnly:true
 |   |   |- Guid:76FF46E8428052EA5A12D2A7CC305DEA BaseClass:/Game/Blueprints/BP_PistaCircular.BP_PistaCircular_C NativeClass:/Script/Engine.Actor Name:BP_PistaCircular_C_UAID_708BCDAA49FA2F7502_1642083329 Label:BP_PistaCircular SpatiallyLoaded:true EditorBounds:IsValid=true, Min=(X=-1249.103 Y=-2066.627 Z=-68.750), Max=(X=3669.103 Y=2846.627 Z=550.000) RuntimeBounds:IsValid=true, Min=(X=-1249.103 Y=-2066.627 Z=-68.750), Max=(X=3669.103 Y=2846.627 Z=550.000) RuntimeGrid:None EditorOnly:false RuntimeOnly:false HLODRelevant:false ListedInSceneOutliner:true IsMainWorldOnly:false
 |   |   |- Guid:7B96DB8A47B85B876C97518B0ADA6390 BaseClass:/Game/Blueprints/BP_DamageBall.BP_DamageBall_C NativeClass:/Script/Engine.Actor Name:BP_DamageBall_C_UAID_708BCDAA49FA667502_1702556007 Label:BP_DamageBall5 SpatiallyLoaded:true EditorBounds:IsValid=true, Min=(X=137.200 Y=1257.200 Z=66.122), Max=(X=242.800 Y=1362.800 Z=171.722) RuntimeBounds:IsValid=true, Min=(X=137.200 Y=1257.200 Z=66.122), Max=(X=242.800 Y=1362.800 Z=171.722) RuntimeGrid:None EditorOnly:false RuntimeOnly:false HLODRelevant:false ListedInSceneOutliner:true IsMainWorldOnly:false
 |   |   |- Guid:95B763C648B94778A0C91C8E1CA10D73 BaseClass:/Game/Blueprints/BP_DamageBall.BP_DamageBall_C NativeClass:/Script/Engine.Actor Name:BP_DamageBall_C_UAID_708BCDAA49FA647502_1873934647 Label:BP_DamageBall SpatiallyLoaded:true EditorBounds:IsValid=true, Min=(X=137.200 Y=527.200 Z=66.122), Max=(X=242.800 Y=632.800 Z=171.722) RuntimeBounds:IsValid=true, Min=(X=137.200 Y=527.200 Z=66.122), Max=(X=242.800 Y=632.800 Z=171.722) RuntimeGrid:None EditorOnly:false RuntimeOnly:false HLODRelevant:false ListedInSceneOutliner:true IsMainWorldOnly:false
 |   |   |- Guid:975DDC814DD26FA1EA7043B0AA6017C6 BaseClass:/Game/Blueprints/BP_DamageBall.BP_DamageBall_C NativeClass:/Script/Engine.Actor Name:BP_DamageBall_C_UAID_708BCDAA49FA667502_1720919013 Label:BP_DamageBall11 SpatiallyLoaded:true EditorBounds:IsValid=true, Min=(X=447.200 Y=-232.800 Z=66.122), Max=(X=552.800 Y=-127.200 Z=171.722) RuntimeBounds:IsValid=true, Min=(X=447.200 Y=-232.800 Z=66.122), Max=(X=552.800 Y=-127.200 Z=171.722) RuntimeGrid:None EditorOnly:false RuntimeOnly:false HLODRelevant:false ListedInSceneOutliner:true IsMainWorldOnly:false
 |   |   |- Guid:B5C091D7449A535ADC1567B7F14527F7 NativeClass:/Script/Engine.StaticMeshActor Name:StaticMeshActor_UAID_708BCDAA49FA347502_1742098210 Label:Cube SpatiallyLoaded:true EditorBounds:IsValid=true, Min=(X=1160.000 Y=340.000 Z=995.063), Max=(X=1260.000 Y=440.000 Z=4745.063) RuntimeBounds:IsValid=true, Min=(X=1160.000 Y=340.000 Z=995.063), Max=(X=1260.000 Y=440.000 Z=4745.063) RuntimeGrid:None EditorOnly:false RuntimeOnly:false HLODRelevant:true ListedInSceneOutliner:true IsMainWorldOnly:false
 |   |   |- Guid:B785ED2844B84CFB91E7F39FE661CD99 NativeClass:/Script/Engine.DirectionalLight Name:DirectionalLight_0 Label:DirectionalLight SpatiallyLoaded:false EditorBounds:IsValid=true, Min=(X=-1048576.000 Y=-1048576.000 Z=-1048576.000), Max=(X=1048576.000 Y=1048576.000 Z=1048576.000) RuntimeBounds:IsValid=true, Min=(X=-1048576.000 Y=-1048576.000 Z=-1048576.000), Max=(X=1048576.000 Y=1048576.000 Z=1048576.000) RuntimeGrid:None EditorOnly:false RuntimeOnly:false HLODRelevant:false ListedInSceneOutliner:true IsMainWorldOnly:false FolderPath:Lighting FolderGuid:963EC3EB4002CCE9759E2EBA541A873A
 |   |   |- Guid:C2E2E39248C90D6D7264CFB68DA25099 BaseClass:/Game/Blueprints/BP_DamageBall.BP_DamageBall_C NativeClass:/Script/Engine.Actor Name:BP_DamageBall_C_UAID_708BCDAA49FA667502_1703946008 Label:BP_DamageBall6 SpatiallyLoaded:true EditorBounds:IsValid=true, Min=(X=137.200 Y=1407.200 Z=66.122), Max=(X=242.800 Y=1512.800 Z=171.722) RuntimeBounds:IsValid=true, Min=(X=137.200 Y=1407.200 Z=66.122), Max=(X=242.800 Y=1512.800 Z=171.722) RuntimeGrid:None EditorOnly:false RuntimeOnly:false HLODRelevant:false ListedInSceneOutliner:true IsMainWorldOnly:false
 |   |   |- Guid:CCFF262C46EEFFDF319E7F9539CE697E NativeClass:/Script/Engine.SkyAtmosphere Name:SkyAtmosphere_0 Label:SkyAtmosphere SpatiallyLoaded:false EditorBounds:IsValid=true, Min=(X=0.000 Y=0.000 Z=1020.000), Max=(X=0.000 Y=0.000 Z=1020.000) RuntimeBounds:IsValid=true, Min=(X=0.000 Y=0.000 Z=1020.000), Max=(X=0.000 Y=0.000 Z=1020.000) RuntimeGrid:None EditorOnly:false RuntimeOnly:false HLODRelevant:false ListedInSceneOutliner:true IsMainWorldOnly:false FolderPath:Lighting FolderGuid:963EC3EB4002CCE9759E2EBA541A873A
 |   |   |- Guid:E2068A1C48FEFA7CD7984082A74F5A1A BaseClass:/Game/Blueprints/BP_DamageBall.BP_DamageBall_C NativeClass:/Script/Engine.Actor Name:BP_DamageBall_C_UAID_708BCDAA49FA667502_1723457015 Label:BP_DamageBall13 SpatiallyLoaded:true EditorBounds:IsValid=true, Min=(X=777.200 Y=-1472.800 Z=66.122), Max=(X=882.800 Y=-1367.200 Z=171.722) RuntimeBounds:IsValid=true, Min=(X=777.200 Y=-1472.800 Z=66.122), Max=(X=882.800 Y=-1367.200 Z=171.722) RuntimeGrid:None EditorOnly:false RuntimeOnly:false HLODRelevant:false ListedInSceneOutliner:true IsMainWorldOnly:false
 |   |   |- Guid:E4916DF24436CCB639A0D184EAADE828 BaseClass:/Game/Blueprints/BP_DamageBall.BP_DamageBall_C NativeClass:/Script/Engine.Actor Name:BP_DamageBall_C_UAID_708BCDAA49FA667502_1692830004 Label:BP_DamageBall2 SpatiallyLoaded:true EditorBounds:IsValid=true, Min=(X=2307.200 Y=527.200 Z=66.122), Max=(X=2412.800 Y=632.800 Z=171.722) RuntimeBounds:IsValid=true, Min=(X=2307.200 Y=527.200 Z=66.122), Max=(X=2412.800 Y=632.800 Z=171.722) RuntimeGrid:None EditorOnly:false RuntimeOnly:false HLODRelevant:false ListedInSceneOutliner:true IsMainWorldOnly:false
 |   |   |- Guid:F7D7CBDF475097D66BDC59B7B0FBF519 BaseClass:/Game/Blueprints/BP_DamageBall.BP_DamageBall_C NativeClass:/Script/Engine.Actor Name:BP_DamageBall_C_UAID_708BCDAA49FA667502_1718940012 Label:BP_DamageBall10 SpatiallyLoaded:true EditorBounds:IsValid=true, Min=(X=137.200 Y=-232.800 Z=66.122), Max=(X=242.800 Y=-127.200 Z=171.722) RuntimeBounds:IsValid=true, Min=(X=137.200 Y=-232.800 Z=66.122), Max=(X=242.800 Y=-127.200 Z=171.722) RuntimeGrid:None EditorOnly:false RuntimeOnly:false HLODRelevant:false ListedInSceneOutliner:true IsMainWorldOnly:false
 |   |- [+] Clusters:
 |   |   |- [+] [  0]
 |   |   |   |- Guid:0496EE5F42B6BB7F1D931BBDEA752367 BaseClass:/Game/Blueprints/BP_DamageBall.BP_DamageBall_C NativeClass:/Script/Engine.Actor Name:BP_DamageBall_C_UAID_708BCDAA49FA667502_1715809011 Label:BP_DamageBall9 SpatiallyLoaded:true EditorBounds:IsValid=true, Min=(X=1277.200 Y=1977.200 Z=66.122), Max=(X=1382.800 Y=2082.800 Z=171.722) RuntimeBounds:IsValid=true, Min=(X=1277.200 Y=1977.200 Z=66.122), Max=(X=1382.800 Y=2082.800 Z=171.722) RuntimeGrid:None EditorOnly:false RuntimeOnly:false HLODRelevant:false ListedInSceneOutliner:true IsMainWorldOnly:false
 |   |   |- [+] [  1]
 |   |   |   |- Guid:09D03FAB4F022B6C5F4A0ABE0267F86D BaseClass:/Game/Blueprints/BP_DamageBall.BP_DamageBall_C NativeClass:/Script/Engine.Actor Name:BP_DamageBall_C_UAID_708BCDAA49FA667502_1714175010 Label:BP_DamageBall8 SpatiallyLoaded:true EditorBounds:IsValid=true, Min=(X=767.200 Y=1977.200 Z=66.122), Max=(X=872.800 Y=2082.800 Z=171.722) RuntimeBounds:IsValid=true, Min=(X=767.200 Y=1977.200 Z=66.122), Max=(X=872.800 Y=2082.800 Z=171.722) RuntimeGrid:None EditorOnly:false RuntimeOnly:false HLODRelevant:false ListedInSceneOutliner:true IsMainWorldOnly:false
 |   |   |- [+] [  2]
 |   |   |   |- Guid:0F809FDB451D051537C911B82C3DAAB9 BaseClass:/Game/Blueprints/BP_DamageBall.BP_DamageBall_C NativeClass:/Script/Engine.Actor Name:BP_DamageBall_C_UAID_708BCDAA49FA667502_1724813016 Label:BP_DamageBall14 SpatiallyLoaded:true EditorBounds:IsValid=true, Min=(X=1007.200 Y=-1472.800 Z=66.122), Max=(X=1112.800 Y=-1367.200 Z=171.722) RuntimeBounds:IsValid=true, Min=(X=1007.200 Y=-1472.800 Z=66.122), Max=(X=1112.800 Y=-1367.200 Z=171.722) RuntimeGrid:None EditorOnly:false RuntimeOnly:false HLODRelevant:false ListedInSceneOutliner:true IsMainWorldOnly:false
 |   |   |- [+] [  3]
 |   |   |   |- Guid:24801D7F471DCE06A65AEF8F70C1E535 BaseClass:/Game/Blueprints/BP_DamageBall.BP_DamageBall_C NativeClass:/Script/Engine.Actor Name:BP_DamageBall_C_UAID_708BCDAA49FA667502_1722067014 Label:BP_DamageBall12 SpatiallyLoaded:true EditorBounds:IsValid=true, Min=(X=777.200 Y=-232.800 Z=66.122), Max=(X=882.800 Y=-127.200 Z=171.722) RuntimeBounds:IsValid=true, Min=(X=777.200 Y=-232.800 Z=66.122), Max=(X=882.800 Y=-127.200 Z=171.722) RuntimeGrid:None EditorOnly:false RuntimeOnly:false HLODRelevant:false ListedInSceneOutliner:true IsMainWorldOnly:false
 |   |   |- [+] [  4]
 |   |   |   |- Guid:2FB58999456391D349DC0F86DAC136ED NativeClass:/Script/Engine.SkyLight Name:SkyLight_1 Label:SkyLight SpatiallyLoaded:false EditorBounds:IsValid=true, Min=(X=0.000 Y=0.000 Z=690.000), Max=(X=0.000 Y=0.000 Z=690.000) RuntimeBounds:IsValid=true, Min=(X=0.000 Y=0.000 Z=690.000), Max=(X=0.000 Y=0.000 Z=690.000) RuntimeGrid:None EditorOnly:false RuntimeOnly:false HLODRelevant:false ListedInSceneOutliner:true IsMainWorldOnly:false FolderPath:Lighting FolderGuid:963EC3EB4002CCE9759E2EBA541A873A
 |   |   |- [+] [  5]
 |   |   |   |- Guid:3099CA4D4888B05EC4EA3097EA187EEF BaseClass:/Game/Blueprints/BP_DamageBall.BP_DamageBall_C NativeClass:/Script/Engine.Actor Name:BP_DamageBall_C_UAID_708BCDAA49FA667502_1712897009 Label:BP_DamageBall7 SpatiallyLoaded:true EditorBounds:IsValid=true, Min=(X=767.200 Y=1407.200 Z=66.122), Max=(X=872.800 Y=1512.800 Z=171.722) RuntimeBounds:IsValid=true, Min=(X=767.200 Y=1407.200 Z=66.122), Max=(X=872.800 Y=1512.800 Z=171.722) RuntimeGrid:None EditorOnly:false RuntimeOnly:false HLODRelevant:false ListedInSceneOutliner:true IsMainWorldOnly:false
 |   |   |- [+] [  6]
 |   |   |   |- Guid:316CF2A6494ACA4C0E4180A87D36AB8F NativeClass:/Script/Engine.ExponentialHeightFog Name:ExponentialHeightFog_0 Label:ExponentialHeightFog SpatiallyLoaded:false EditorBounds:IsValid=true, Min=(X=-5600.000 Y=-50.000 Z=-6850.000), Max=(X=-5600.000 Y=-50.000 Z=-6850.000) RuntimeBounds:IsValid=true, Min=(X=-5600.000 Y=-50.000 Z=-6850.000), Max=(X=-5600.000 Y=-50.000 Z=-6850.000) RuntimeGrid:None EditorOnly:false RuntimeOnly:false HLODRelevant:false ListedInSceneOutliner:true IsMainWorldOnly:false FolderPath:Lighting FolderGuid:963EC3EB4002CCE9759E2EBA541A873A
 |   |   |- [+] [  7]
 |   |   |   |- Guid:31A17D8142875F4DA4FD39A665ADFE78 BaseClass:/Game/Blueprints/BP_DamageBall.BP_DamageBall_C NativeClass:/Script/Engine.Actor Name:BP_DamageBall_C_UAID_708BCDAA49FA667502_1701216006 Label:BP_DamageBall4 SpatiallyLoaded:true EditorBounds:IsValid=true, Min=(X=137.200 Y=837.200 Z=66.122), Max=(X=242.800 Y=942.800 Z=171.722) RuntimeBounds:IsValid=true, Min=(X=137.200 Y=837.200 Z=66.122), Max=(X=242.800 Y=942.800 Z=171.722) RuntimeGrid:None EditorOnly:false RuntimeOnly:false HLODRelevant:false ListedInSceneOutliner:true IsMainWorldOnly:false
 |   |   |- [+] [  8]
 |   |   |   |- Guid:3A00AA1C422CE54C0BDB60BAF471BFBB NativeClass:/Script/Engine.PlayerStart Name:PlayerStart_0 Label:PlayerStart SpatiallyLoaded:false EditorBounds:IsValid=true, Min=(X=1082.000 Y=262.000 Z=-10.937), Max=(X=1450.000 Y=518.000 Z=245.063) RuntimeBounds:IsValid=true, Min=(X=1170.000 Y=350.000 Z=25.063), Max=(X=1250.000 Y=430.000 Z=209.063) RuntimeGrid:None EditorOnly:false RuntimeOnly:false HLODRelevant:false ListedInSceneOutliner:true IsMainWorldOnly:false
 |   |   |- [+] [  9]
 |   |   |   |- Guid:475B94164B568FD5C935039E5ACB215D BaseClass:/Game/Blueprints/BP_DamageBall.BP_DamageBall_C NativeClass:/Script/Engine.Actor Name:BP_DamageBall_C_UAID_708BCDAA49FA667502_1695161005 Label:BP_DamageBall3 SpatiallyLoaded:true EditorBounds:IsValid=true, Min=(X=2307.200 Y=1247.200 Z=66.122), Max=(X=2412.800 Y=1352.800 Z=171.722) RuntimeBounds:IsValid=true, Min=(X=2307.200 Y=1247.200 Z=66.122), Max=(X=2412.800 Y=1352.800 Z=171.722) RuntimeGrid:None EditorOnly:false RuntimeOnly:false HLODRelevant:false ListedInSceneOutliner:true IsMainWorldOnly:false
 |   |   |- [+] [ 10]
 |   |   |   |- Guid:4D3BE93F4146AAAC8BBE79999D96D57F NativeClass:/Script/Engine.VolumetricCloud Name:VolumetricCloud_0 Label:VolumetricCloud SpatiallyLoaded:false EditorBounds:IsValid=true, Min=(X=0.000 Y=0.000 Z=820.000), Max=(X=0.000 Y=0.000 Z=820.000) RuntimeBounds:IsValid=true, Min=(X=0.000 Y=0.000 Z=820.000), Max=(X=0.000 Y=0.000 Z=820.000) RuntimeGrid:None EditorOnly:false RuntimeOnly:false HLODRelevant:false ListedInSceneOutliner:true IsMainWorldOnly:false FolderPath:Lighting FolderGuid:963EC3EB4002CCE9759E2EBA541A873A
 |   |   |- [+] [ 11]
 |   |   |   |- Guid:6BAF4DDD444C60371492D3919DB42C97 NativeClass:/Script/Engine.WorldDataLayers Name:WorldDataLayers Label:WorldDataLayers SpatiallyLoaded:false EditorBounds:IsValid=true, Min=(X=0.000 Y=0.000 Z=0.000), Max=(X=0.000 Y=0.000 Z=0.000) RuntimeBounds:IsValid=true, Min=(X=0.000 Y=0.000 Z=0.000), Max=(X=0.000 Y=0.000 Z=0.000) RuntimeGrid:None EditorOnly:false RuntimeOnly:false HLODRelevant:false ListedInSceneOutliner:true IsMainWorldOnly:true
 |   |   |- [+] [ 12]
 |   |   |   |- Guid:76FF46E8428052EA5A12D2A7CC305DEA BaseClass:/Game/Blueprints/BP_PistaCircular.BP_PistaCircular_C NativeClass:/Script/Engine.Actor Name:BP_PistaCircular_C_UAID_708BCDAA49FA2F7502_1642083329 Label:BP_PistaCircular SpatiallyLoaded:true EditorBounds:IsValid=true, Min=(X=-1249.103 Y=-2066.627 Z=-68.750), Max=(X=3669.103 Y=2846.627 Z=550.000) RuntimeBounds:IsValid=true, Min=(X=-1249.103 Y=-2066.627 Z=-68.750), Max=(X=3669.103 Y=2846.627 Z=550.000) RuntimeGrid:None EditorOnly:false RuntimeOnly:false HLODRelevant:false ListedInSceneOutliner:true IsMainWorldOnly:false
 |   |   |- [+] [ 13]
 |   |   |   |- Guid:7B96DB8A47B85B876C97518B0ADA6390 BaseClass:/Game/Blueprints/BP_DamageBall.BP_DamageBall_C NativeClass:/Script/Engine.Actor Name:BP_DamageBall_C_UAID_708BCDAA49FA667502_1702556007 Label:BP_DamageBall5 SpatiallyLoaded:true EditorBounds:IsValid=true, Min=(X=137.200 Y=1257.200 Z=66.122), Max=(X=242.800 Y=1362.800 Z=171.722) RuntimeBounds:IsValid=true, Min=(X=137.200 Y=1257.200 Z=66.122), Max=(X=242.800 Y=1362.800 Z=171.722) RuntimeGrid:None EditorOnly:false RuntimeOnly:false HLODRelevant:false ListedInSceneOutliner:true IsMainWorldOnly:false
 |   |   |- [+] [ 14]
 |   |   |   |- Guid:95B763C648B94778A0C91C8E1CA10D73 BaseClass:/Game/Blueprints/BP_DamageBall.BP_DamageBall_C NativeClass:/Script/Engine.Actor Name:BP_DamageBall_C_UAID_708BCDAA49FA647502_1873934647 Label:BP_DamageBall SpatiallyLoaded:true EditorBounds:IsValid=true, Min=(X=137.200 Y=527.200 Z=66.122), Max=(X=242.800 Y=632.800 Z=171.722) RuntimeBounds:IsValid=true, Min=(X=137.200 Y=527.200 Z=66.122), Max=(X=242.800 Y=632.800 Z=171.722) RuntimeGrid:None EditorOnly:false RuntimeOnly:false HLODRelevant:false ListedInSceneOutliner:true IsMainWorldOnly:false
 |   |   |- [+] [ 15]
 |   |   |   |- Guid:975DDC814DD26FA1EA7043B0AA6017C6 BaseClass:/Game/Blueprints/BP_DamageBall.BP_DamageBall_C NativeClass:/Script/Engine.Actor Name:BP_DamageBall_C_UAID_708BCDAA49FA667502_1720919013 Label:BP_DamageBall11 SpatiallyLoaded:true EditorBounds:IsValid=true, Min=(X=447.200 Y=-232.800 Z=66.122), Max=(X=552.800 Y=-127.200 Z=171.722) RuntimeBounds:IsValid=true, Min=(X=447.200 Y=-232.800 Z=66.122), Max=(X=552.800 Y=-127.200 Z=171.722) RuntimeGrid:None EditorOnly:false RuntimeOnly:false HLODRelevant:false ListedInSceneOutliner:true IsMainWorldOnly:false
 |   |   |- [+] [ 16]
 |   |   |   |- Guid:B5C091D7449A535ADC1567B7F14527F7 NativeClass:/Script/Engine.StaticMeshActor Name:StaticMeshActor_UAID_708BCDAA49FA347502_1742098210 Label:Cube SpatiallyLoaded:true EditorBounds:IsValid=true, Min=(X=1160.000 Y=340.000 Z=995.063), Max=(X=1260.000 Y=440.000 Z=4745.063) RuntimeBounds:IsValid=true, Min=(X=1160.000 Y=340.000 Z=995.063), Max=(X=1260.000 Y=440.000 Z=4745.063) RuntimeGrid:None EditorOnly:false RuntimeOnly:false HLODRelevant:true ListedInSceneOutliner:true IsMainWorldOnly:false
 |   |   |- [+] [ 17]
 |   |   |   |- Guid:B785ED2844B84CFB91E7F39FE661CD99 NativeClass:/Script/Engine.DirectionalLight Name:DirectionalLight_0 Label:DirectionalLight SpatiallyLoaded:false EditorBounds:IsValid=true, Min=(X=-1048576.000 Y=-1048576.000 Z=-1048576.000), Max=(X=1048576.000 Y=1048576.000 Z=1048576.000) RuntimeBounds:IsValid=true, Min=(X=-1048576.000 Y=-1048576.000 Z=-1048576.000), Max=(X=1048576.000 Y=1048576.000 Z=1048576.000) RuntimeGrid:None EditorOnly:false RuntimeOnly:false HLODRelevant:false ListedInSceneOutliner:true IsMainWorldOnly:false FolderPath:Lighting FolderGuid:963EC3EB4002CCE9759E2EBA541A873A
 |   |   |- [+] [ 18]
 |   |   |   |- Guid:C2E2E39248C90D6D7264CFB68DA25099 BaseClass:/Game/Blueprints/BP_DamageBall.BP_DamageBall_C NativeClass:/Script/Engine.Actor Name:BP_DamageBall_C_UAID_708BCDAA49FA667502_1703946008 Label:BP_DamageBall6 SpatiallyLoaded:true EditorBounds:IsValid=true, Min=(X=137.200 Y=1407.200 Z=66.122), Max=(X=242.800 Y=1512.800 Z=171.722) RuntimeBounds:IsValid=true, Min=(X=137.200 Y=1407.200 Z=66.122), Max=(X=242.800 Y=1512.800 Z=171.722) RuntimeGrid:None EditorOnly:false RuntimeOnly:false HLODRelevant:false ListedInSceneOutliner:true IsMainWorldOnly:false
 |   |   |- [+] [ 19]
 |   |   |   |- Guid:CCFF262C46EEFFDF319E7F9539CE697E NativeClass:/Script/Engine.SkyAtmosphere Name:SkyAtmosphere_0 Label:SkyAtmosphere SpatiallyLoaded:false EditorBounds:IsValid=true, Min=(X=0.000 Y=0.000 Z=1020.000), Max=(X=0.000 Y=0.000 Z=1020.000) RuntimeBounds:IsValid=true, Min=(X=0.000 Y=0.000 Z=1020.000), Max=(X=0.000 Y=0.000 Z=1020.000) RuntimeGrid:None EditorOnly:false RuntimeOnly:false HLODRelevant:false ListedInSceneOutliner:true IsMainWorldOnly:false FolderPath:Lighting FolderGuid:963EC3EB4002CCE9759E2EBA541A873A
 |   |   |- [+] [ 20]
 |   |   |   |- Guid:E2068A1C48FEFA7CD7984082A74F5A1A BaseClass:/Game/Blueprints/BP_DamageBall.BP_DamageBall_C NativeClass:/Script/Engine.Actor Name:BP_DamageBall_C_UAID_708BCDAA49FA667502_1723457015 Label:BP_DamageBall13 SpatiallyLoaded:true EditorBounds:IsValid=true, Min=(X=777.200 Y=-1472.800 Z=66.122), Max=(X=882.800 Y=-1367.200 Z=171.722) RuntimeBounds:IsValid=true, Min=(X=777.200 Y=-1472.800 Z=66.122), Max=(X=882.800 Y=-1367.200 Z=171.722) RuntimeGrid:None EditorOnly:false RuntimeOnly:false HLODRelevant:false ListedInSceneOutliner:true IsMainWorldOnly:false
 |   |   |- [+] [ 21]
 |   |   |   |- Guid:E4916DF24436CCB639A0D184EAADE828 BaseClass:/Game/Blueprints/BP_DamageBall.BP_DamageBall_C NativeClass:/Script/Engine.Actor Name:BP_DamageBall_C_UAID_708BCDAA49FA667502_1692830004 Label:BP_DamageBall2 SpatiallyLoaded:true EditorBounds:IsValid=true, Min=(X=2307.200 Y=527.200 Z=66.122), Max=(X=2412.800 Y=632.800 Z=171.722) RuntimeBounds:IsValid=true, Min=(X=2307.200 Y=527.200 Z=66.122), Max=(X=2412.800 Y=632.800 Z=171.722) RuntimeGrid:None EditorOnly:false RuntimeOnly:false HLODRelevant:false ListedInSceneOutliner:true IsMainWorldOnly:false
 |   |   |- [+] [ 22]
 |   |   |   |- Guid:F7D7CBDF475097D66BDC59B7B0FBF519 BaseClass:/Game/Blueprints/BP_DamageBall.BP_DamageBall_C NativeClass:/Script/Engine.Actor Name:BP_DamageBall_C_UAID_708BCDAA49FA667502_1718940012 Label:BP_DamageBall10 SpatiallyLoaded:true EditorBounds:IsValid=true, Min=(X=137.200 Y=-232.800 Z=66.122), Max=(X=242.800 Y=-127.200 Z=171.722) RuntimeBounds:IsValid=true, Min=(X=137.200 Y=-232.800 Z=66.122), Max=(X=242.800 Y=-127.200 Z=171.722) RuntimeGrid:None EditorOnly:false RuntimeOnly:false HLODRelevant:false ListedInSceneOutliner:true IsMainWorldOnly:false
 |- ContainerInstances:
 |- [+] MainContainer:
 |   |-        ID: 00000000000000000000000000000000
 |   |-  ParentID: 00000000000000000000000000000000
 |   |-    Bounds: IsValid=false, Min=(X=0.000 Y=0.000 Z=0.000), Max=(X=0.000 Y=0.000 Z=0.000)
 |   |- Transform: 0.000000,0.000000,0.000000|0.000000,0.000000,-0.000000|1.000000,1.000000,1.000000
 |   |- Container: /Game/ThirdPerson/Maps/ThirdPersonMap
----------------------------------------------------------------------------------------------------------------
ThirdPersonMap - Persistent Level
----------------------------------------------------------------------------------------------------------------
[+] Content of ThirdPersonMap Persistent Level
 |- Always loaded Actor Count: 23 
 |- Actor Path: /Game/ThirdPerson/Maps/ThirdPersonMap.ThirdPersonMap:PersistentLevel.BP_DamageBall_C_UAID_708BCDAA49FA647502_1873934647
 |- Actor Package: /Game/__ExternalActors__/ThirdPerson/Maps/ThirdPersonMap/4/1J/BC8S2JO180N31DRDCPFH0Y
 |- Actor Path: /Game/ThirdPerson/Maps/ThirdPersonMap.ThirdPersonMap:PersistentLevel.BP_DamageBall_C_UAID_708BCDAA49FA667502_1692830004
 |- Actor Package: /Game/__ExternalActors__/ThirdPerson/Maps/ThirdPersonMap/5/KI/CM2VSTFHLE8NKOOKGPFVV4
 |- Actor Path: /Game/ThirdPerson/Maps/ThirdPersonMap.ThirdPersonMap:PersistentLevel.BP_DamageBall_C_UAID_708BCDAA49FA667502_1695161005
 |- Actor Package: /Game/__ExternalActors__/ThirdPerson/Maps/ThirdPersonMap/1/PA/AB846NP06P2GYS3ERKSZ0N
 |- Actor Path: /Game/ThirdPerson/Maps/ThirdPersonMap.ThirdPersonMap:PersistentLevel.BP_DamageBall_C_UAID_708BCDAA49FA667502_1701216006
 |- Actor Package: /Game/__ExternalActors__/ThirdPerson/Maps/ThirdPersonMap/3/GV/EFJ69TIB6YWC88P8SUHDQ6
 |- Actor Path: /Game/ThirdPerson/Maps/ThirdPersonMap.ThirdPersonMap:PersistentLevel.BP_DamageBall_C_UAID_708BCDAA49FA667502_1702556007
 |- Actor Package: /Game/__ExternalActors__/ThirdPerson/Maps/ThirdPersonMap/B/53/ZS4IJDNHXCLBMBDAFZH5DQ
 |- Actor Path: /Game/ThirdPerson/Maps/ThirdPersonMap.ThirdPersonMap:PersistentLevel.BP_DamageBall_C_UAID_708BCDAA49FA667502_1703946008
 |- Actor Package: /Game/__ExternalActors__/ThirdPerson/Maps/ThirdPersonMap/6/5Z/3ZX5OO6D8GLDFNC2P04KOW
 |- Actor Path: /Game/ThirdPerson/Maps/ThirdPersonMap.ThirdPersonMap:PersistentLevel.BP_DamageBall_C_UAID_708BCDAA49FA667502_1712897009
 |- Actor Package: /Game/__ExternalActors__/ThirdPerson/Maps/ThirdPersonMap/4/B1/OF76DYVYKHW4OMXWTQQ11Z
 |- Actor Path: /Game/ThirdPerson/Maps/ThirdPersonMap.ThirdPersonMap:PersistentLevel.BP_DamageBall_C_UAID_708BCDAA49FA667502_1714175010
 |- Actor Package: /Game/__ExternalActors__/ThirdPerson/Maps/ThirdPersonMap/2/FT/XVUUL78MKFLN2VABLIP6CA
 |- Actor Path: /Game/ThirdPerson/Maps/ThirdPersonMap.ThirdPersonMap:PersistentLevel.BP_DamageBall_C_UAID_708BCDAA49FA667502_1715809011
 |- Actor Package: /Game/__ExternalActors__/ThirdPerson/Maps/ThirdPersonMap/6/W2/4J38CWVO1MSQ2882TR3E82
 |- Actor Path: /Game/ThirdPerson/Maps/ThirdPersonMap.ThirdPersonMap:PersistentLevel.BP_DamageBall_C_UAID_708BCDAA49FA667502_1718940012
 |- Actor Package: /Game/__ExternalActors__/ThirdPerson/Maps/ThirdPersonMap/E/DM/FZDSGMSJZ7XV13X4QFXTVC
 |- Actor Path: /Game/ThirdPerson/Maps/ThirdPersonMap.ThirdPersonMap:PersistentLevel.BP_DamageBall_C_UAID_708BCDAA49FA667502_1720919013
 |- Actor Package: /Game/__ExternalActors__/ThirdPerson/Maps/ThirdPersonMap/9/5T/8T570DLP8NZGV5HRDKKK1K
 |- Actor Path: /Game/ThirdPerson/Maps/ThirdPersonMap.ThirdPersonMap:PersistentLevel.BP_DamageBall_C_UAID_708BCDAA49FA667502_1722067014
 |- Actor Package: /Game/__ExternalActors__/ThirdPerson/Maps/ThirdPersonMap/9/2J/2TIACJIU1RLI06WFFBO8R8
 |- Actor Path: /Game/ThirdPerson/Maps/ThirdPersonMap.ThirdPersonMap:PersistentLevel.BP_DamageBall_C_UAID_708BCDAA49FA667502_1723457015
 |- Actor Package: /Game/__ExternalActors__/ThirdPerson/Maps/ThirdPersonMap/B/E0/NI2CPBV6U0CDA5RF5X6BQP
 |- Actor Path: /Game/ThirdPerson/Maps/ThirdPersonMap.ThirdPersonMap:PersistentLevel.BP_DamageBall_C_UAID_708BCDAA49FA667502_1724813016
 |- Actor Package: /Game/__ExternalActors__/ThirdPerson/Maps/ThirdPersonMap/8/D0/WZD9B10HFPHUZSQ47KHHR1
 |- Actor Path: /Game/ThirdPerson/Maps/ThirdPersonMap.ThirdPersonMap:PersistentLevel.BP_PistaCircular_C_UAID_708BCDAA49FA2F7502_1642083329
 |- Actor Package: /Game/__ExternalActors__/ThirdPerson/Maps/ThirdPersonMap/E/YP/O77SN5NT8KYGYKXABBMJ5T
 |- Actor Path: /Game/ThirdPerson/Maps/ThirdPersonMap.ThirdPersonMap:PersistentLevel.DirectionalLight_0
 |- Actor Package: /Game/__ExternalActors__/ThirdPerson/Maps/ThirdPersonMap/5/R1/TS5OQ5CRUWFZYL1ZQ7I416
 |- Actor Path: /Game/ThirdPerson/Maps/ThirdPersonMap.ThirdPersonMap:PersistentLevel.ExponentialHeightFog_0
 |- Actor Package: /Game/__ExternalActors__/ThirdPerson/Maps/ThirdPersonMap/6/J7/N10XDC9G27EMLS5AGZ6AVV
 |- Actor Path: /Game/ThirdPerson/Maps/ThirdPersonMap.ThirdPersonMap:PersistentLevel.PlayerStart_0
 |- Actor Package: /Game/__ExternalActors__/ThirdPerson/Maps/ThirdPersonMap/D/DE/SWSI13675DVYIZ0N4NF7Y3
 |- Actor Path: /Game/ThirdPerson/Maps/ThirdPersonMap.ThirdPersonMap:PersistentLevel.SkyAtmosphere_0
 |- Actor Package: /Game/__ExternalActors__/ThirdPerson/Maps/ThirdPersonMap/4/LN/30UBDLYFFA5ZR7U4W4L4GG
 |- Actor Path: /Game/ThirdPerson/Maps/ThirdPersonMap.ThirdPersonMap:PersistentLevel.SkyLight_1
 |- Actor Package: /Game/__ExternalActors__/ThirdPerson/Maps/ThirdPersonMap/8/S1/DXUWD12MD3HRWVVXX076BY
 |- Actor Path: /Game/ThirdPerson/Maps/ThirdPersonMap.ThirdPersonMap:PersistentLevel.StaticMeshActor_UAID_708BCDAA49FA347502_1742098210
 |- Actor Package: /Game/__ExternalActors__/ThirdPerson/Maps/ThirdPersonMap/9/AS/8EP6N4VDUAG30JURG7ICTU
 |- Actor Path: /Game/ThirdPerson/Maps/ThirdPersonMap.ThirdPersonMap:PersistentLevel.VolumetricCloud_0
 |- Actor Package: /Game/__ExternalActors__/ThirdPerson/Maps/ThirdPersonMap/3/EY/87SHEJN5UBEAN2K5OV1G6R
 |- Actor Path: /Game/ThirdPerson/Maps/ThirdPersonMap.ThirdPersonMap:PersistentLevel.WorldDataLayers
 |- Actor Package: /Game/__ExternalActors__/ThirdPerson/Maps/ThirdPersonMap/0/43/HYQWORMY4JDQ5X3OKZXFLC

----------------------------------------------------------------------------------------------------------------
ThirdPersonMap - Runtime Hash Set
----------------------------------------------------------------------------------------------------------------

