[+] Containers:
 |- [+] Container: /Game/ThirdPerson/Maps/ThirdPersonMap
 |   |- [+] ActorDescs:
 |   |   |- Guid:06EEBB984635B94F1F90BEBFDEBBAF28 NativeClass:/Script/Engine.StaticMeshActor Name:StaticMeshActor_UAID_708BCDAA49FA737502_1333348291 Label:Plane SpatiallyLoaded:true EditorBounds:IsValid=true, Min=(X=-410.442 Y=-2260.442 Z=860.000), Max=(X=-269.558 Y=-2119.558 Z=860.000) RuntimeBounds:IsValid=true, Min=(X=-410.442 Y=-2260.442 Z=860.000), Max=(X=-269.558 Y=-2119.558 Z=860.000) RuntimeGrid:None EditorOnly:false RuntimeOnly:false HLODRelevant:true ListedInSceneOutliner:true IsMainWorldOnly:false
 |   |   |- Guid:08738E5B4D25FBB9699669BA2422EC4A NativeClass:/Script/Engine.StaticMeshActor Name:StaticMeshActor_UAID_708BCDAA49FA737502_1421952296 Label:Plane6 SpatiallyLoaded:true EditorBounds:IsValid=true, Min=(X=-410.442 Y=-1370.442 Z=470.000), Max=(X=-269.558 Y=-1229.558 Z=470.000) RuntimeBounds:IsValid=true, Min=(X=-410.442 Y=-1370.442 Z=470.000), Max=(X=-269.558 Y=-1229.558 Z=470.000) RuntimeGrid:None EditorOnly:false RuntimeOnly:false HLODRelevant:true ListedInSceneOutliner:true IsMainWorldOnly:false
 |   |   |- Guid:2FB58999456391D349DC0F86DAC136ED NativeClass:/Script/Engine.SkyLight Name:SkyLight_1 Label:SkyLight SpatiallyLoaded:false EditorBounds:IsValid=true, Min=(X=0.000 Y=0.000 Z=690.000), Max=(X=0.000 Y=0.000 Z=690.000) RuntimeBounds:IsValid=true, Min=(X=0.000 Y=0.000 Z=690.000), Max=(X=0.000 Y=0.000 Z=690.000) RuntimeGrid:None EditorOnly:false RuntimeOnly:false HLODRelevant:false ListedInSceneOutliner:true IsMainWorldOnly:false FolderPath:Lighting FolderGuid:963EC3EB4002CCE9759E2EBA541A873A
 |   |   |- Guid:3106BA234E6689DB471B9DB12539D7E2 BaseClass:/Game/Blueprints/BP_PistaCircular.BP_PistaCircular_C NativeClass:/Script/Engine.Actor Name:BP_PistaCircular_C_UAID_708BCDAA49FA737502_1178468290 Label:BP_PistaCircular2 SpatiallyLoaded:true EditorBounds:IsValid=true, Min=(X=-4309.103 Y=-6776.627 Z=385.000), Max=(X=609.103 Y=-1863.373 Z=610.000) RuntimeBounds:IsValid=true, Min=(X=-4309.103 Y=-6776.627 Z=385.000), Max=(X=609.103 Y=-1863.373 Z=610.000) RuntimeGrid:None EditorOnly:false RuntimeOnly:false HLODRelevant:false ListedInSceneOutliner:true IsMainWorldOnly:false
 |   |   |- Guid:316CF2A6494ACA4C0E4180A87D36AB8F NativeClass:/Script/Engine.ExponentialHeightFog Name:ExponentialHeightFog_0 Label:ExponentialHeightFog SpatiallyLoaded:false EditorBounds:IsValid=true, Min=(X=-5600.000 Y=-50.000 Z=-6850.000), Max=(X=-5600.000 Y=-50.000 Z=-6850.000) RuntimeBounds:IsValid=true, Min=(X=-5600.000 Y=-50.000 Z=-6850.000), Max=(X=-5600.000 Y=-50.000 Z=-6850.000) RuntimeGrid:None EditorOnly:false RuntimeOnly:false HLODRelevant:false ListedInSceneOutliner:true IsMainWorldOnly:false FolderPath:Lighting FolderGuid:963EC3EB4002CCE9759E2EBA541A873A
 |   |   |- Guid:3A00AA1C422CE54C0BDB60BAF471BFBB NativeClass:/Script/Engine.PlayerStart Name:PlayerStart_0 Label:PlayerStart SpatiallyLoaded:false EditorBounds:IsValid=true, Min=(X=1082.000 Y=262.000 Z=-10.937), Max=(X=1450.000 Y=518.000 Z=245.063) RuntimeBounds:IsValid=true, Min=(X=1170.000 Y=350.000 Z=25.063), Max=(X=1250.000 Y=430.000 Z=209.063) RuntimeGrid:None EditorOnly:false RuntimeOnly:false HLODRelevant:false ListedInSceneOutliner:true IsMainWorldOnly:false
 |   |   |- Guid:4D3BE93F4146AAAC8BBE79999D96D57F NativeClass:/Script/Engine.VolumetricCloud Name:VolumetricCloud_0 Label:VolumetricCloud SpatiallyLoaded:false EditorBounds:IsValid=true, Min=(X=0.000 Y=0.000 Z=820.000), Max=(X=0.000 Y=0.000 Z=820.000) RuntimeBounds:IsValid=true, Min=(X=0.000 Y=0.000 Z=820.000), Max=(X=0.000 Y=0.000 Z=820.000) RuntimeGrid:None EditorOnly:false RuntimeOnly:false HLODRelevant:false ListedInSceneOutliner:true IsMainWorldOnly:false FolderPath:Lighting FolderGuid:963EC3EB4002CCE9759E2EBA541A873A
 |   |   |- Guid:6BAF4DDD444C60371492D3919DB42C97 NativeClass:/Script/Engine.WorldDataLayers Name:WorldDataLayers Label:WorldDataLayers SpatiallyLoaded:false EditorBounds:IsValid=true, Min=(X=0.000 Y=0.000 Z=0.000), Max=(X=0.000 Y=0.000 Z=0.000) RuntimeBounds:IsValid=true, Min=(X=0.000 Y=0.000 Z=0.000), Max=(X=0.000 Y=0.000 Z=0.000) RuntimeGrid:None EditorOnly:false RuntimeOnly:false HLODRelevant:false ListedInSceneOutliner:true IsMainWorldOnly:true
 |   |   |- Guid:7240904840E8561A983A899904E7F177 NativeClass:/Script/Engine.StaticMeshActor Name:StaticMeshActor_UAID_708BCDAA49FA737502_1509055301 Label:Plane10 SpatiallyLoaded:true EditorBounds:IsValid=true, Min=(X=-410.442 Y=-2650.442 Z=860.000), Max=(X=-269.558 Y=-2509.558 Z=860.000) RuntimeBounds:IsValid=true, Min=(X=-410.442 Y=-2650.442 Z=860.000), Max=(X=-269.558 Y=-2509.558 Z=860.000) RuntimeGrid:None EditorOnly:false RuntimeOnly:false HLODRelevant:true ListedInSceneOutliner:true IsMainWorldOnly:false
 |   |   |- Guid:76FF46E8428052EA5A12D2A7CC305DEA BaseClass:/Game/Blueprints/BP_PistaCircular.BP_PistaCircular_C NativeClass:/Script/Engine.Actor Name:BP_PistaCircular_C_UAID_708BCDAA49FA2F7502_1642083329 Label:BP_PistaCircular SpatiallyLoaded:true EditorBounds:IsValid=true, Min=(X=-1249.103 Y=-2066.627 Z=-25.000), Max=(X=3669.103 Y=2846.627 Z=200.000) RuntimeBounds:IsValid=true, Min=(X=-1249.103 Y=-2066.627 Z=-25.000), Max=(X=3669.103 Y=2846.627 Z=200.000) RuntimeGrid:None EditorOnly:false RuntimeOnly:false HLODRelevant:false ListedInSceneOutliner:true IsMainWorldOnly:false
 |   |   |- Guid:8377BEED4A3AF13FC9702381FE0944A4 NativeClass:/Script/Engine.StaticMeshActor Name:StaticMeshActor_UAID_708BCDAA49FA737502_1418413294 Label:Plane4 SpatiallyLoaded:true EditorBounds:IsValid=true, Min=(X=-410.442 Y=-1710.442 Z=630.000), Max=(X=-269.558 Y=-1569.558 Z=630.000) RuntimeBounds:IsValid=true, Min=(X=-410.442 Y=-1710.442 Z=630.000), Max=(X=-269.558 Y=-1569.558 Z=630.000) RuntimeGrid:None EditorOnly:false RuntimeOnly:false HLODRelevant:true ListedInSceneOutliner:true IsMainWorldOnly:false
 |   |   |- Guid:891D4F4E49EB5B9384FB3BA00B42B952 NativeClass:/Script/Engine.StaticMeshActor Name:StaticMeshActor_UAID_708BCDAA49FA737502_1099519289 Label:Capsule SpatiallyLoaded:true EditorBounds:IsValid=true, Min=(X=8520.000 Y=540.000 Z=-9790.000), Max=(X=9020.000 Y=1040.000 Z=-9240.000) RuntimeBounds:IsValid=true, Min=(X=8520.000 Y=540.000 Z=-9790.000), Max=(X=9020.000 Y=1040.000 Z=-9240.000) RuntimeGrid:None EditorOnly:false RuntimeOnly:false HLODRelevant:true ListedInSceneOutliner:true IsMainWorldOnly:false
 |   |   |- Guid:8D1E80304C172A313AEBC990FB3C2A13 NativeClass:/Script/Engine.StaticMeshActor Name:StaticMeshActor_UAID_708BCDAA49FA737502_1482342299 Label:Plane9 SpatiallyLoaded:true EditorBounds:IsValid=true, Min=(X=-410.442 Y=-890.442 Z=290.000), Max=(X=-269.558 Y=-749.558 Z=290.000) RuntimeBounds:IsValid=true, Min=(X=-410.442 Y=-890.442 Z=290.000), Max=(X=-269.558 Y=-749.558 Z=290.000) RuntimeGrid:None EditorOnly:false RuntimeOnly:false HLODRelevant:true ListedInSceneOutliner:true IsMainWorldOnly:false
 |   |   |- Guid:9D6958344C46F0312077B7A73EC5E122 NativeClass:/Script/Engine.StaticMeshActor Name:StaticMeshActor_UAID_708BCDAA49FA737502_1420096295 Label:Plane5 SpatiallyLoaded:true EditorBounds:IsValid=true, Min=(X=-410.442 Y=-1540.442 Z=570.000), Max=(X=-269.558 Y=-1399.558 Z=570.000) RuntimeBounds:IsValid=true, Min=(X=-410.442 Y=-1540.442 Z=570.000), Max=(X=-269.558 Y=-1399.558 Z=570.000) RuntimeGrid:None EditorOnly:false RuntimeOnly:false HLODRelevant:true ListedInSceneOutliner:true IsMainWorldOnly:false
 |   |   |- Guid:A3F5F176432484306B74C4A52D8E4344 NativeClass:/Script/Engine.StaticMeshActor Name:StaticMeshActor_UAID_708BCDAA49FA737502_1409169292 Label:Plane2 SpatiallyLoaded:true EditorBounds:IsValid=true, Min=(X=-410.442 Y=-2080.442 Z=790.000), Max=(X=-269.558 Y=-1939.558 Z=790.000) RuntimeBounds:IsValid=true, Min=(X=-410.442 Y=-2080.442 Z=790.000), Max=(X=-269.558 Y=-1939.558 Z=790.000) RuntimeGrid:None EditorOnly:false RuntimeOnly:false HLODRelevant:true ListedInSceneOutliner:true IsMainWorldOnly:false
 |   |   |- Guid:AF7003BA4D4FEC1FE3A7398AE282384B NativeClass:/Script/Engine.StaticMeshActor Name:StaticMeshActor_UAID_708BCDAA49FA737502_1511171302 Label:Plane11 SpatiallyLoaded:true EditorBounds:IsValid=true, Min=(X=-410.442 Y=-2860.442 Z=860.000), Max=(X=-269.558 Y=-2719.558 Z=860.000) RuntimeBounds:IsValid=true, Min=(X=-410.442 Y=-2860.442 Z=860.000), Max=(X=-269.558 Y=-2719.558 Z=860.000) RuntimeGrid:None EditorOnly:false RuntimeOnly:false HLODRelevant:true ListedInSceneOutliner:true IsMainWorldOnly:false
 |   |   |- Guid:B5C091D7449A535ADC1567B7F14527F7 NativeClass:/Script/Engine.StaticMeshActor Name:StaticMeshActor_UAID_708BCDAA49FA347502_1742098210 Label:Cube SpatiallyLoaded:true EditorBounds:IsValid=true, Min=(X=1160.000 Y=340.000 Z=425.063), Max=(X=1260.000 Y=440.000 Z=4175.063) RuntimeBounds:IsValid=true, Min=(X=1160.000 Y=340.000 Z=425.063), Max=(X=1260.000 Y=440.000 Z=4175.063) RuntimeGrid:None EditorOnly:false RuntimeOnly:false HLODRelevant:true ListedInSceneOutliner:true IsMainWorldOnly:false
 |   |   |- Guid:B785ED2844B84CFB91E7F39FE661CD99 NativeClass:/Script/Engine.DirectionalLight Name:DirectionalLight_0 Label:DirectionalLight SpatiallyLoaded:false EditorBounds:IsValid=true, Min=(X=-1048576.000 Y=-1048576.000 Z=-1048576.000), Max=(X=1048576.000 Y=1048576.000 Z=1048576.000) RuntimeBounds:IsValid=true, Min=(X=-1048576.000 Y=-1048576.000 Z=-1048576.000), Max=(X=1048576.000 Y=1048576.000 Z=1048576.000) RuntimeGrid:None EditorOnly:false RuntimeOnly:false HLODRelevant:false ListedInSceneOutliner:true IsMainWorldOnly:false FolderPath:Lighting FolderGuid:963EC3EB4002CCE9759E2EBA541A873A
 |   |   |- Guid:CCFF262C46EEFFDF319E7F9539CE697E NativeClass:/Script/Engine.SkyAtmosphere Name:SkyAtmosphere_0 Label:SkyAtmosphere SpatiallyLoaded:false EditorBounds:IsValid=true, Min=(X=0.000 Y=0.000 Z=1020.000), Max=(X=0.000 Y=0.000 Z=1020.000) RuntimeBounds:IsValid=true, Min=(X=0.000 Y=0.000 Z=1020.000), Max=(X=0.000 Y=0.000 Z=1020.000) RuntimeGrid:None EditorOnly:false RuntimeOnly:false HLODRelevant:false ListedInSceneOutliner:true IsMainWorldOnly:false FolderPath:Lighting FolderGuid:963EC3EB4002CCE9759E2EBA541A873A
 |   |   |- Guid:E67C4F2F4AF0427C02ED9EB488F7D3B7 NativeClass:/Script/Engine.StaticMeshActor Name:StaticMeshActor_UAID_708BCDAA49FA737502_1416558293 Label:Plane3 SpatiallyLoaded:true EditorBounds:IsValid=true, Min=(X=-410.442 Y=-1880.442 Z=710.000), Max=(X=-269.558 Y=-1739.558 Z=710.000) RuntimeBounds:IsValid=true, Min=(X=-410.442 Y=-1880.442 Z=710.000), Max=(X=-269.558 Y=-1739.558 Z=710.000) RuntimeGrid:None EditorOnly:false RuntimeOnly:false HLODRelevant:true ListedInSceneOutliner:true IsMainWorldOnly:false
 |   |   |- Guid:F61C5A34489189B5998CE99928FAE5B5 NativeClass:/Script/Engine.StaticMeshActor Name:StaticMeshActor_UAID_708BCDAA49FA737502_1505168300 Label:Plane8 SpatiallyLoaded:true EditorBounds:IsValid=true, Min=(X=-410.442 Y=-2440.442 Z=860.000), Max=(X=-269.558 Y=-2299.558 Z=860.000) RuntimeBounds:IsValid=true, Min=(X=-410.442 Y=-2440.442 Z=860.000), Max=(X=-269.558 Y=-2299.558 Z=860.000) RuntimeGrid:None EditorOnly:false RuntimeOnly:false HLODRelevant:true ListedInSceneOutliner:true IsMainWorldOnly:false
 |   |   |- Guid:FA4DA5634FA2885D35348B98A9D6F867 NativeClass:/Script/Engine.StaticMeshActor Name:StaticMeshActor_UAID_708BCDAA49FA737502_1474372297 Label:Plane7 SpatiallyLoaded:true EditorBounds:IsValid=true, Min=(X=-410.442 Y=-1150.442 Z=360.000), Max=(X=-269.558 Y=-1009.558 Z=360.000) RuntimeBounds:IsValid=true, Min=(X=-410.442 Y=-1150.442 Z=360.000), Max=(X=-269.558 Y=-1009.558 Z=360.000) RuntimeGrid:None EditorOnly:false RuntimeOnly:false HLODRelevant:true ListedInSceneOutliner:true IsMainWorldOnly:false
 |   |   |- Guid:FAE1D04C4426DE8F6DAC64B065FF958C NativeClass:/Script/Engine.StaticMeshActor Name:StaticMeshActor_UAID_708BCDAA49FA737502_1526841304 Label:Plane13 SpatiallyLoaded:true EditorBounds:IsValid=true, Min=(X=-410.442 Y=-730.442 Z=170.000), Max=(X=-269.558 Y=-589.558 Z=170.000) RuntimeBounds:IsValid=true, Min=(X=-410.442 Y=-730.442 Z=170.000), Max=(X=-269.558 Y=-589.558 Z=170.000) RuntimeGrid:None EditorOnly:false RuntimeOnly:false HLODRelevant:true ListedInSceneOutliner:true IsMainWorldOnly:false
 |   |- [+] Clusters:
 |   |   |- [+] [  0]
 |   |   |   |- Guid:06EEBB984635B94F1F90BEBFDEBBAF28 NativeClass:/Script/Engine.StaticMeshActor Name:StaticMeshActor_UAID_708BCDAA49FA737502_1333348291 Label:Plane SpatiallyLoaded:true EditorBounds:IsValid=true, Min=(X=-410.442 Y=-2260.442 Z=860.000), Max=(X=-269.558 Y=-2119.558 Z=860.000) RuntimeBounds:IsValid=true, Min=(X=-410.442 Y=-2260.442 Z=860.000), Max=(X=-269.558 Y=-2119.558 Z=860.000) RuntimeGrid:None EditorOnly:false RuntimeOnly:false HLODRelevant:true ListedInSceneOutliner:true IsMainWorldOnly:false
 |   |   |- [+] [  1]
 |   |   |   |- Guid:08738E5B4D25FBB9699669BA2422EC4A NativeClass:/Script/Engine.StaticMeshActor Name:StaticMeshActor_UAID_708BCDAA49FA737502_1421952296 Label:Plane6 SpatiallyLoaded:true EditorBounds:IsValid=true, Min=(X=-410.442 Y=-1370.442 Z=470.000), Max=(X=-269.558 Y=-1229.558 Z=470.000) RuntimeBounds:IsValid=true, Min=(X=-410.442 Y=-1370.442 Z=470.000), Max=(X=-269.558 Y=-1229.558 Z=470.000) RuntimeGrid:None EditorOnly:false RuntimeOnly:false HLODRelevant:true ListedInSceneOutliner:true IsMainWorldOnly:false
 |   |   |- [+] [  2]
 |   |   |   |- Guid:2FB58999456391D349DC0F86DAC136ED NativeClass:/Script/Engine.SkyLight Name:SkyLight_1 Label:SkyLight SpatiallyLoaded:false EditorBounds:IsValid=true, Min=(X=0.000 Y=0.000 Z=690.000), Max=(X=0.000 Y=0.000 Z=690.000) RuntimeBounds:IsValid=true, Min=(X=0.000 Y=0.000 Z=690.000), Max=(X=0.000 Y=0.000 Z=690.000) RuntimeGrid:None EditorOnly:false RuntimeOnly:false HLODRelevant:false ListedInSceneOutliner:true IsMainWorldOnly:false FolderPath:Lighting FolderGuid:963EC3EB4002CCE9759E2EBA541A873A
 |   |   |- [+] [  3]
 |   |   |   |- Guid:3106BA234E6689DB471B9DB12539D7E2 BaseClass:/Game/Blueprints/BP_PistaCircular.BP_PistaCircular_C NativeClass:/Script/Engine.Actor Name:BP_PistaCircular_C_UAID_708BCDAA49FA737502_1178468290 Label:BP_PistaCircular2 SpatiallyLoaded:true EditorBounds:IsValid=true, Min=(X=-4309.103 Y=-6776.627 Z=385.000), Max=(X=609.103 Y=-1863.373 Z=610.000) RuntimeBounds:IsValid=true, Min=(X=-4309.103 Y=-6776.627 Z=385.000), Max=(X=609.103 Y=-1863.373 Z=610.000) RuntimeGrid:None EditorOnly:false RuntimeOnly:false HLODRelevant:false ListedInSceneOutliner:true IsMainWorldOnly:false
 |   |   |- [+] [  4]
 |   |   |   |- Guid:316CF2A6494ACA4C0E4180A87D36AB8F NativeClass:/Script/Engine.ExponentialHeightFog Name:ExponentialHeightFog_0 Label:ExponentialHeightFog SpatiallyLoaded:false EditorBounds:IsValid=true, Min=(X=-5600.000 Y=-50.000 Z=-6850.000), Max=(X=-5600.000 Y=-50.000 Z=-6850.000) RuntimeBounds:IsValid=true, Min=(X=-5600.000 Y=-50.000 Z=-6850.000), Max=(X=-5600.000 Y=-50.000 Z=-6850.000) RuntimeGrid:None EditorOnly:false RuntimeOnly:false HLODRelevant:false ListedInSceneOutliner:true IsMainWorldOnly:false FolderPath:Lighting FolderGuid:963EC3EB4002CCE9759E2EBA541A873A
 |   |   |- [+] [  5]
 |   |   |   |- Guid:3A00AA1C422CE54C0BDB60BAF471BFBB NativeClass:/Script/Engine.PlayerStart Name:PlayerStart_0 Label:PlayerStart SpatiallyLoaded:false EditorBounds:IsValid=true, Min=(X=1082.000 Y=262.000 Z=-10.937), Max=(X=1450.000 Y=518.000 Z=245.063) RuntimeBounds:IsValid=true, Min=(X=1170.000 Y=350.000 Z=25.063), Max=(X=1250.000 Y=430.000 Z=209.063) RuntimeGrid:None EditorOnly:false RuntimeOnly:false HLODRelevant:false ListedInSceneOutliner:true IsMainWorldOnly:false
 |   |   |- [+] [  6]
 |   |   |   |- Guid:4D3BE93F4146AAAC8BBE79999D96D57F NativeClass:/Script/Engine.VolumetricCloud Name:VolumetricCloud_0 Label:VolumetricCloud SpatiallyLoaded:false EditorBounds:IsValid=true, Min=(X=0.000 Y=0.000 Z=820.000), Max=(X=0.000 Y=0.000 Z=820.000) RuntimeBounds:IsValid=true, Min=(X=0.000 Y=0.000 Z=820.000), Max=(X=0.000 Y=0.000 Z=820.000) RuntimeGrid:None EditorOnly:false RuntimeOnly:false HLODRelevant:false ListedInSceneOutliner:true IsMainWorldOnly:false FolderPath:Lighting FolderGuid:963EC3EB4002CCE9759E2EBA541A873A
 |   |   |- [+] [  7]
 |   |   |   |- Guid:6BAF4DDD444C60371492D3919DB42C97 NativeClass:/Script/Engine.WorldDataLayers Name:WorldDataLayers Label:WorldDataLayers SpatiallyLoaded:false EditorBounds:IsValid=true, Min=(X=0.000 Y=0.000 Z=0.000), Max=(X=0.000 Y=0.000 Z=0.000) RuntimeBounds:IsValid=true, Min=(X=0.000 Y=0.000 Z=0.000), Max=(X=0.000 Y=0.000 Z=0.000) RuntimeGrid:None EditorOnly:false RuntimeOnly:false HLODRelevant:false ListedInSceneOutliner:true IsMainWorldOnly:true
 |   |   |- [+] [  8]
 |   |   |   |- Guid:7240904840E8561A983A899904E7F177 NativeClass:/Script/Engine.StaticMeshActor Name:StaticMeshActor_UAID_708BCDAA49FA737502_1509055301 Label:Plane10 SpatiallyLoaded:true EditorBounds:IsValid=true, Min=(X=-410.442 Y=-2650.442 Z=860.000), Max=(X=-269.558 Y=-2509.558 Z=860.000) RuntimeBounds:IsValid=true, Min=(X=-410.442 Y=-2650.442 Z=860.000), Max=(X=-269.558 Y=-2509.558 Z=860.000) RuntimeGrid:None EditorOnly:false RuntimeOnly:false HLODRelevant:true ListedInSceneOutliner:true IsMainWorldOnly:false
 |   |   |- [+] [  9]
 |   |   |   |- Guid:76FF46E8428052EA5A12D2A7CC305DEA BaseClass:/Game/Blueprints/BP_PistaCircular.BP_PistaCircular_C NativeClass:/Script/Engine.Actor Name:BP_PistaCircular_C_UAID_708BCDAA49FA2F7502_1642083329 Label:BP_PistaCircular SpatiallyLoaded:true EditorBounds:IsValid=true, Min=(X=-1249.103 Y=-2066.627 Z=-25.000), Max=(X=3669.103 Y=2846.627 Z=200.000) RuntimeBounds:IsValid=true, Min=(X=-1249.103 Y=-2066.627 Z=-25.000), Max=(X=3669.103 Y=2846.627 Z=200.000) RuntimeGrid:None EditorOnly:false RuntimeOnly:false HLODRelevant:false ListedInSceneOutliner:true IsMainWorldOnly:false
 |   |   |- [+] [ 10]
 |   |   |   |- Guid:8377BEED4A3AF13FC9702381FE0944A4 NativeClass:/Script/Engine.StaticMeshActor Name:StaticMeshActor_UAID_708BCDAA49FA737502_1418413294 Label:Plane4 SpatiallyLoaded:true EditorBounds:IsValid=true, Min=(X=-410.442 Y=-1710.442 Z=630.000), Max=(X=-269.558 Y=-1569.558 Z=630.000) RuntimeBounds:IsValid=true, Min=(X=-410.442 Y=-1710.442 Z=630.000), Max=(X=-269.558 Y=-1569.558 Z=630.000) RuntimeGrid:None EditorOnly:false RuntimeOnly:false HLODRelevant:true ListedInSceneOutliner:true IsMainWorldOnly:false
 |   |   |- [+] [ 11]
 |   |   |   |- Guid:891D4F4E49EB5B9384FB3BA00B42B952 NativeClass:/Script/Engine.StaticMeshActor Name:StaticMeshActor_UAID_708BCDAA49FA737502_1099519289 Label:Capsule SpatiallyLoaded:true EditorBounds:IsValid=true, Min=(X=8520.000 Y=540.000 Z=-9790.000), Max=(X=9020.000 Y=1040.000 Z=-9240.000) RuntimeBounds:IsValid=true, Min=(X=8520.000 Y=540.000 Z=-9790.000), Max=(X=9020.000 Y=1040.000 Z=-9240.000) RuntimeGrid:None EditorOnly:false RuntimeOnly:false HLODRelevant:true ListedInSceneOutliner:true IsMainWorldOnly:false
 |   |   |- [+] [ 12]
 |   |   |   |- Guid:8D1E80304C172A313AEBC990FB3C2A13 NativeClass:/Script/Engine.StaticMeshActor Name:StaticMeshActor_UAID_708BCDAA49FA737502_1482342299 Label:Plane9 SpatiallyLoaded:true EditorBounds:IsValid=true, Min=(X=-410.442 Y=-890.442 Z=290.000), Max=(X=-269.558 Y=-749.558 Z=290.000) RuntimeBounds:IsValid=true, Min=(X=-410.442 Y=-890.442 Z=290.000), Max=(X=-269.558 Y=-749.558 Z=290.000) RuntimeGrid:None EditorOnly:false RuntimeOnly:false HLODRelevant:true ListedInSceneOutliner:true IsMainWorldOnly:false
 |   |   |- [+] [ 13]
 |   |   |   |- Guid:9D6958344C46F0312077B7A73EC5E122 NativeClass:/Script/Engine.StaticMeshActor Name:StaticMeshActor_UAID_708BCDAA49FA737502_1420096295 Label:Plane5 SpatiallyLoaded:true EditorBounds:IsValid=true, Min=(X=-410.442 Y=-1540.442 Z=570.000), Max=(X=-269.558 Y=-1399.558 Z=570.000) RuntimeBounds:IsValid=true, Min=(X=-410.442 Y=-1540.442 Z=570.000), Max=(X=-269.558 Y=-1399.558 Z=570.000) RuntimeGrid:None EditorOnly:false RuntimeOnly:false HLODRelevant:true ListedInSceneOutliner:true IsMainWorldOnly:false
 |   |   |- [+] [ 14]
 |   |   |   |- Guid:A3F5F176432484306B74C4A52D8E4344 NativeClass:/Script/Engine.StaticMeshActor Name:StaticMeshActor_UAID_708BCDAA49FA737502_1409169292 Label:Plane2 SpatiallyLoaded:true EditorBounds:IsValid=true, Min=(X=-410.442 Y=-2080.442 Z=790.000), Max=(X=-269.558 Y=-1939.558 Z=790.000) RuntimeBounds:IsValid=true, Min=(X=-410.442 Y=-2080.442 Z=790.000), Max=(X=-269.558 Y=-1939.558 Z=790.000) RuntimeGrid:None EditorOnly:false RuntimeOnly:false HLODRelevant:true ListedInSceneOutliner:true IsMainWorldOnly:false
 |   |   |- [+] [ 15]
 |   |   |   |- Guid:AF7003BA4D4FEC1FE3A7398AE282384B NativeClass:/Script/Engine.StaticMeshActor Name:StaticMeshActor_UAID_708BCDAA49FA737502_1511171302 Label:Plane11 SpatiallyLoaded:true EditorBounds:IsValid=true, Min=(X=-410.442 Y=-2860.442 Z=860.000), Max=(X=-269.558 Y=-2719.558 Z=860.000) RuntimeBounds:IsValid=true, Min=(X=-410.442 Y=-2860.442 Z=860.000), Max=(X=-269.558 Y=-2719.558 Z=860.000) RuntimeGrid:None EditorOnly:false RuntimeOnly:false HLODRelevant:true ListedInSceneOutliner:true IsMainWorldOnly:false
 |   |   |- [+] [ 16]
 |   |   |   |- Guid:B5C091D7449A535ADC1567B7F14527F7 NativeClass:/Script/Engine.StaticMeshActor Name:StaticMeshActor_UAID_708BCDAA49FA347502_1742098210 Label:Cube SpatiallyLoaded:true EditorBounds:IsValid=true, Min=(X=1160.000 Y=340.000 Z=425.063), Max=(X=1260.000 Y=440.000 Z=4175.063) RuntimeBounds:IsValid=true, Min=(X=1160.000 Y=340.000 Z=425.063), Max=(X=1260.000 Y=440.000 Z=4175.063) RuntimeGrid:None EditorOnly:false RuntimeOnly:false HLODRelevant:true ListedInSceneOutliner:true IsMainWorldOnly:false
 |   |   |- [+] [ 17]
 |   |   |   |- Guid:B785ED2844B84CFB91E7F39FE661CD99 NativeClass:/Script/Engine.DirectionalLight Name:DirectionalLight_0 Label:DirectionalLight SpatiallyLoaded:false EditorBounds:IsValid=true, Min=(X=-1048576.000 Y=-1048576.000 Z=-1048576.000), Max=(X=1048576.000 Y=1048576.000 Z=1048576.000) RuntimeBounds:IsValid=true, Min=(X=-1048576.000 Y=-1048576.000 Z=-1048576.000), Max=(X=1048576.000 Y=1048576.000 Z=1048576.000) RuntimeGrid:None EditorOnly:false RuntimeOnly:false HLODRelevant:false ListedInSceneOutliner:true IsMainWorldOnly:false FolderPath:Lighting FolderGuid:963EC3EB4002CCE9759E2EBA541A873A
 |   |   |- [+] [ 18]
 |   |   |   |- Guid:CCFF262C46EEFFDF319E7F9539CE697E NativeClass:/Script/Engine.SkyAtmosphere Name:SkyAtmosphere_0 Label:SkyAtmosphere SpatiallyLoaded:false EditorBounds:IsValid=true, Min=(X=0.000 Y=0.000 Z=1020.000), Max=(X=0.000 Y=0.000 Z=1020.000) RuntimeBounds:IsValid=true, Min=(X=0.000 Y=0.000 Z=1020.000), Max=(X=0.000 Y=0.000 Z=1020.000) RuntimeGrid:None EditorOnly:false RuntimeOnly:false HLODRelevant:false ListedInSceneOutliner:true IsMainWorldOnly:false FolderPath:Lighting FolderGuid:963EC3EB4002CCE9759E2EBA541A873A
 |   |   |- [+] [ 19]
 |   |   |   |- Guid:E67C4F2F4AF0427C02ED9EB488F7D3B7 NativeClass:/Script/Engine.StaticMeshActor Name:StaticMeshActor_UAID_708BCDAA49FA737502_1416558293 Label:Plane3 SpatiallyLoaded:true EditorBounds:IsValid=true, Min=(X=-410.442 Y=-1880.442 Z=710.000), Max=(X=-269.558 Y=-1739.558 Z=710.000) RuntimeBounds:IsValid=true, Min=(X=-410.442 Y=-1880.442 Z=710.000), Max=(X=-269.558 Y=-1739.558 Z=710.000) RuntimeGrid:None EditorOnly:false RuntimeOnly:false HLODRelevant:true ListedInSceneOutliner:true IsMainWorldOnly:false
 |   |   |- [+] [ 20]
 |   |   |   |- Guid:F61C5A34489189B5998CE99928FAE5B5 NativeClass:/Script/Engine.StaticMeshActor Name:StaticMeshActor_UAID_708BCDAA49FA737502_1505168300 Label:Plane8 SpatiallyLoaded:true EditorBounds:IsValid=true, Min=(X=-410.442 Y=-2440.442 Z=860.000), Max=(X=-269.558 Y=-2299.558 Z=860.000) RuntimeBounds:IsValid=true, Min=(X=-410.442 Y=-2440.442 Z=860.000), Max=(X=-269.558 Y=-2299.558 Z=860.000) RuntimeGrid:None EditorOnly:false RuntimeOnly:false HLODRelevant:true ListedInSceneOutliner:true IsMainWorldOnly:false
 |   |   |- [+] [ 21]
 |   |   |   |- Guid:FA4DA5634FA2885D35348B98A9D6F867 NativeClass:/Script/Engine.StaticMeshActor Name:StaticMeshActor_UAID_708BCDAA49FA737502_1474372297 Label:Plane7 SpatiallyLoaded:true EditorBounds:IsValid=true, Min=(X=-410.442 Y=-1150.442 Z=360.000), Max=(X=-269.558 Y=-1009.558 Z=360.000) RuntimeBounds:IsValid=true, Min=(X=-410.442 Y=-1150.442 Z=360.000), Max=(X=-269.558 Y=-1009.558 Z=360.000) RuntimeGrid:None EditorOnly:false RuntimeOnly:false HLODRelevant:true ListedInSceneOutliner:true IsMainWorldOnly:false
 |   |   |- [+] [ 22]
 |   |   |   |- Guid:FAE1D04C4426DE8F6DAC64B065FF958C NativeClass:/Script/Engine.StaticMeshActor Name:StaticMeshActor_UAID_708BCDAA49FA737502_1526841304 Label:Plane13 SpatiallyLoaded:true EditorBounds:IsValid=true, Min=(X=-410.442 Y=-730.442 Z=170.000), Max=(X=-269.558 Y=-589.558 Z=170.000) RuntimeBounds:IsValid=true, Min=(X=-410.442 Y=-730.442 Z=170.000), Max=(X=-269.558 Y=-589.558 Z=170.000) RuntimeGrid:None EditorOnly:false RuntimeOnly:false HLODRelevant:true ListedInSceneOutliner:true IsMainWorldOnly:false
 |- ContainerInstances:
 |- [+] MainContainer:
 |   |-        ID: 00000000000000000000000000000000
 |   |-  ParentID: 00000000000000000000000000000000
 |   |-    Bounds: IsValid=false, Min=(X=0.000 Y=0.000 Z=0.000), Max=(X=0.000 Y=0.000 Z=0.000)
 |   |- Transform: 0.000000,0.000000,0.000000|0.000000,0.000000,-0.000000|1.000000,1.000000,1.000000
 |   |- Container: /Game/ThirdPerson/Maps/ThirdPersonMap
----------------------------------------------------------------------------------------------------------------
ThirdPersonMap - Persistent Level
----------------------------------------------------------------------------------------------------------------
[+] Content of ThirdPersonMap Persistent Level
 |- Always loaded Actor Count: 23 
 |- Actor Path: /Game/ThirdPerson/Maps/ThirdPersonMap.ThirdPersonMap:PersistentLevel.BP_PistaCircular_C_UAID_708BCDAA49FA2F7502_1642083329
 |- Actor Package: /Game/__ExternalActors__/ThirdPerson/Maps/ThirdPersonMap/E/YP/O77SN5NT8KYGYKXABBMJ5T
 |- Actor Path: /Game/ThirdPerson/Maps/ThirdPersonMap.ThirdPersonMap:PersistentLevel.BP_PistaCircular_C_UAID_708BCDAA49FA737502_1178468290
 |- Actor Package: /Game/__ExternalActors__/ThirdPerson/Maps/ThirdPersonMap/6/PX/R4WE0YG8QCFI081GJ1P7Z0
 |- Actor Path: /Game/ThirdPerson/Maps/ThirdPersonMap.ThirdPersonMap:PersistentLevel.DirectionalLight_0
 |- Actor Package: /Game/__ExternalActors__/ThirdPerson/Maps/ThirdPersonMap/5/R1/TS5OQ5CRUWFZYL1ZQ7I416
 |- Actor Path: /Game/ThirdPerson/Maps/ThirdPersonMap.ThirdPersonMap:PersistentLevel.ExponentialHeightFog_0
 |- Actor Package: /Game/__ExternalActors__/ThirdPerson/Maps/ThirdPersonMap/6/J7/N10XDC9G27EMLS5AGZ6AVV
 |- Actor Path: /Game/ThirdPerson/Maps/ThirdPersonMap.ThirdPersonMap:PersistentLevel.PlayerStart_0
 |- Actor Package: /Game/__ExternalActors__/ThirdPerson/Maps/ThirdPersonMap/D/DE/SWSI13675DVYIZ0N4NF7Y3
 |- Actor Path: /Game/ThirdPerson/Maps/ThirdPersonMap.ThirdPersonMap:PersistentLevel.SkyAtmosphere_0
 |- Actor Package: /Game/__ExternalActors__/ThirdPerson/Maps/ThirdPersonMap/4/LN/30UBDLYFFA5ZR7U4W4L4GG
 |- Actor Path: /Game/ThirdPerson/Maps/ThirdPersonMap.ThirdPersonMap:PersistentLevel.SkyLight_1
 |- Actor Package: /Game/__ExternalActors__/ThirdPerson/Maps/ThirdPersonMap/8/S1/DXUWD12MD3HRWVVXX076BY
 |- Actor Path: /Game/ThirdPerson/Maps/ThirdPersonMap.ThirdPersonMap:PersistentLevel.StaticMeshActor_UAID_708BCDAA49FA347502_1742098210
 |- Actor Package: /Game/__ExternalActors__/ThirdPerson/Maps/ThirdPersonMap/9/AS/8EP6N4VDUAG30JURG7ICTU
 |- Actor Path: /Game/ThirdPerson/Maps/ThirdPersonMap.ThirdPersonMap:PersistentLevel.StaticMeshActor_UAID_708BCDAA49FA737502_1099519289
 |- Actor Package: /Game/__ExternalActors__/ThirdPerson/Maps/ThirdPersonMap/A/ZE/GEZQ4SWWAVH1PV7XT1H8AP
 |- Actor Path: /Game/ThirdPerson/Maps/ThirdPersonMap.ThirdPersonMap:PersistentLevel.StaticMeshActor_UAID_708BCDAA49FA737502_1333348291
 |- Actor Package: /Game/__ExternalActors__/ThirdPerson/Maps/ThirdPersonMap/0/B7/ZC9ZTWN3XL2WPEUVH9KQNS
 |- Actor Path: /Game/ThirdPerson/Maps/ThirdPersonMap.ThirdPersonMap:PersistentLevel.StaticMeshActor_UAID_708BCDAA49FA737502_1409169292
 |- Actor Package: /Game/__ExternalActors__/ThirdPerson/Maps/ThirdPersonMap/6/TA/30AXLSIOSOZL0PVZ9BXBPA
 |- Actor Path: /Game/ThirdPerson/Maps/ThirdPersonMap.ThirdPersonMap:PersistentLevel.StaticMeshActor_UAID_708BCDAA49FA737502_1416558293
 |- Actor Package: /Game/__ExternalActors__/ThirdPerson/Maps/ThirdPersonMap/2/CD/OIK3O8MP2TNND0C48YQYGI
 |- Actor Path: /Game/ThirdPerson/Maps/ThirdPersonMap.ThirdPersonMap:PersistentLevel.StaticMeshActor_UAID_708BCDAA49FA737502_1418413294
 |- Actor Package: /Game/__ExternalActors__/ThirdPerson/Maps/ThirdPersonMap/1/0D/CLU5KZGYUBXO36BTEJHJXP
 |- Actor Path: /Game/ThirdPerson/Maps/ThirdPersonMap.ThirdPersonMap:PersistentLevel.StaticMeshActor_UAID_708BCDAA49FA737502_1420096295
 |- Actor Package: /Game/__ExternalActors__/ThirdPerson/Maps/ThirdPersonMap/9/2Y/ZFNPK3CCIJHBILLEHESK5Y
 |- Actor Path: /Game/ThirdPerson/Maps/ThirdPersonMap.ThirdPersonMap:PersistentLevel.StaticMeshActor_UAID_708BCDAA49FA737502_1421952296
 |- Actor Package: /Game/__ExternalActors__/ThirdPerson/Maps/ThirdPersonMap/9/UE/P2WFJX3OA7SCMINVJNVTJZ
 |- Actor Path: /Game/ThirdPerson/Maps/ThirdPersonMap.ThirdPersonMap:PersistentLevel.StaticMeshActor_UAID_708BCDAA49FA737502_1474372297
 |- Actor Package: /Game/__ExternalActors__/ThirdPerson/Maps/ThirdPersonMap/B/1H/QEAKDYLF6O3NNSIG2B2FW1
 |- Actor Path: /Game/ThirdPerson/Maps/ThirdPersonMap.ThirdPersonMap:PersistentLevel.StaticMeshActor_UAID_708BCDAA49FA737502_1482342299
 |- Actor Package: /Game/__ExternalActors__/ThirdPerson/Maps/ThirdPersonMap/6/JQ/AVI6RIGZHAP4SC1EP6AN4D
 |- Actor Path: /Game/ThirdPerson/Maps/ThirdPersonMap.ThirdPersonMap:PersistentLevel.StaticMeshActor_UAID_708BCDAA49FA737502_1505168300
 |- Actor Package: /Game/__ExternalActors__/ThirdPerson/Maps/ThirdPersonMap/9/02/PNX3EW528EIOY55VIWMZXP
 |- Actor Path: /Game/ThirdPerson/Maps/ThirdPersonMap.ThirdPersonMap:PersistentLevel.StaticMeshActor_UAID_708BCDAA49FA737502_1509055301
 |- Actor Package: /Game/__ExternalActors__/ThirdPerson/Maps/ThirdPersonMap/A/ZF/6X4Q4K4RYECV8XOQHF28RS
 |- Actor Path: /Game/ThirdPerson/Maps/ThirdPersonMap.ThirdPersonMap:PersistentLevel.StaticMeshActor_UAID_708BCDAA49FA737502_1511171302
 |- Actor Package: /Game/__ExternalActors__/ThirdPerson/Maps/ThirdPersonMap/1/4O/UVHZAV5HXZKOL97CAUUVPH
 |- Actor Path: /Game/ThirdPerson/Maps/ThirdPersonMap.ThirdPersonMap:PersistentLevel.StaticMeshActor_UAID_708BCDAA49FA737502_1526841304
 |- Actor Package: /Game/__ExternalActors__/ThirdPerson/Maps/ThirdPersonMap/5/IC/6DG41LPPDC8F5B6ET12UB5
 |- Actor Path: /Game/ThirdPerson/Maps/ThirdPersonMap.ThirdPersonMap:PersistentLevel.VolumetricCloud_0
 |- Actor Package: /Game/__ExternalActors__/ThirdPerson/Maps/ThirdPersonMap/3/EY/87SHEJN5UBEAN2K5OV1G6R
 |- Actor Path: /Game/ThirdPerson/Maps/ThirdPersonMap.ThirdPersonMap:PersistentLevel.WorldDataLayers
 |- Actor Package: /Game/__ExternalActors__/ThirdPerson/Maps/ThirdPersonMap/0/43/HYQWORMY4JDQ5X3OKZXFLC

----------------------------------------------------------------------------------------------------------------
ThirdPersonMap - Runtime Hash Set
----------------------------------------------------------------------------------------------------------------

